16:53:21 INFO  : Registering command handlers for SDK TCF services
16:53:28 INFO  : Launching XSCT server: xsct -n -interactive /home/ncl/eyoh/test/temp_xsdb_launch_script.tcl
16:53:28 ERROR : Can not find samples and platforms directory in SDx install location.
16:53:28 ERROR : Can not find Manifest file in SDx install location.
16:53:28 INFO  : Validating SDSoC License...
16:53:28 INFO  : License for SDSoC is unavailable
16:53:28 INFO  : Validating SDAccel License...
16:53:29 INFO  : License available for SDAccel
16:53:29 INFO  : XSCT server has started successfully.
16:53:29 INFO  : Successfully done setting XSCT server connection channel  
16:53:29 INFO  : Successfully done setting SDK workspace  
17:09:29 ERROR : Can not find samples and platforms directory in SDx install location.
17:18:10 INFO  : Registering command handlers for SDK TCF services
17:18:10 INFO  : Launching XSCT server: xsct -n -interactive /home/ncl/eyoh/test/temp_xsdb_launch_script.tcl
17:18:10 ERROR : Can not find samples and platforms directory in SDx install location.
17:18:10 ERROR : Can not find Manifest file in SDx install location.
17:18:10 INFO  : Validating SDSoC License...
17:18:11 INFO  : License for SDSoC is unavailable
17:18:11 INFO  : Validating SDAccel License...
17:18:11 INFO  : XSCT server has started successfully.
17:18:11 INFO  : Successfully done setting XSCT server connection channel  
17:18:11 INFO  : Successfully done setting SDK workspace  
17:18:11 INFO  : License available for SDAccel
17:19:28 WARN  : Ignoring the file /home/ncl/eyoh/test/project.sdx, as it is not a valid Hardware Specification file
17:20:43 INFO  : Registering command handlers for SDK TCF services
17:20:43 INFO  : Launching XSCT server: xsct -n -interactive /home/ncl/eyoh/test/temp_xsdb_launch_script.tcl
17:20:44 ERROR : Can not find samples and platforms directory in SDx install location.
17:20:44 ERROR : Can not find Manifest file in SDx install location.
17:20:44 INFO  : Validating SDSoC License...
17:20:44 INFO  : License for SDSoC is unavailable
17:20:44 INFO  : Validating SDAccel License...
17:20:44 INFO  : License available for SDAccel
17:20:44 INFO  : XSCT server has started successfully.
17:20:45 INFO  : Successfully done setting XSCT server connection channel  
17:20:45 INFO  : Successfully done setting SDK workspace  
22:34:13 INFO  : Registering command handlers for SDK TCF services
22:34:13 INFO  : Launching XSCT server: xsct -n -interactive /home/ncl/eyoh/test/temp_xsdb_launch_script.tcl
22:34:13 INFO  : Validating SDSoC License...
22:34:13 INFO  : License for SDSoC is unavailable
22:34:13 INFO  : Validating SDAccel License...
22:34:14 INFO  : License available for SDAccel
22:34:14 INFO  : XSCT server has started successfully.
22:34:14 INFO  : Successfully done setting XSCT server connection channel  
22:34:15 INFO  : Successfully done setting SDK workspace  
22:14:53 ERROR : Can not find samples and platforms directory in SDx install location.
22:14:53 ERROR : Can not find Manifest file in SDx install location.
22:14:54 INFO  : Registering command handlers for SDK TCF services
22:14:55 INFO  : Launching XSCT server: xsct -n -interactive /home/ncl/eyoh/test/temp_xsdb_launch_script.tcl
22:14:55 INFO  : Validating SDSoC License...
22:14:56 INFO  : License for SDSoC is unavailable
22:14:56 INFO  : Validating SDAccel License...
22:14:56 INFO  : License available for SDAccel
22:15:01 INFO  : XSCT server has started successfully.
22:15:03 INFO  : Successfully done setting XSCT server connection channel  
22:15:03 INFO  : Successfully done setting SDK workspace  
